<?xml version="1.0" encoding="UTF-8"?>
<testng-results skipped="0" failed="0" total="1" passed="1">
  <reporter-output>
  </reporter-output>
  <suite name="Default suite" duration-ms="7046" started-at="2017-02-02T17:04:02Z" finished-at="2017-02-02T17:04:09Z">
    <groups>
    </groups>
    <test name="Default test" duration-ms="7046" started-at="2017-02-02T17:04:02Z" finished-at="2017-02-02T17:04:09Z">
      <class name="com.Sheetal">
        <test-method status="PASS" signature="get()[pri:0, instance:com.Sheetal@192b07fd]" name="get" duration-ms="6981" started-at="2017-02-02T22:34:02Z" finished-at="2017-02-02T22:34:09Z">
          <reporter-output>
          </reporter-output>
        </test-method> <!-- get -->
      </class> <!-- com.Sheetal -->
    </test> <!-- Default test -->
  </suite> <!-- Default suite -->
</testng-results>
